0 info it worked if it ends with ok
1 verbose cli [ '/usr/local/bin/node', '/usr/local/bin/npm', 'run', 'coverage' ]
2 info using npm@3.7.1
3 info using node@v5.5.0
4 verbose run-script [ 'precoverage', 'coverage', 'postcoverage' ]
5 info lifecycle da-dictionary@1.0.0~precoverage: da-dictionary@1.0.0
6 silly lifecycle da-dictionary@1.0.0~precoverage: no script for precoverage, continuing
7 info lifecycle da-dictionary@1.0.0~coverage: da-dictionary@1.0.0
8 verbose lifecycle da-dictionary@1.0.0~coverage: unsafe-perm in lifecycle true
9 verbose lifecycle da-dictionary@1.0.0~coverage: PATH: /usr/local/lib/node_modules/npm/bin/node-gyp-bin:/Users/Rob/Desktop/Rob/FAC/Week 4/tdd-dictionary/node_modules/.bin:/usr/local/bin:/usr/local/bin:/usr/bin:/bin:/usr/sbin:/sbin
10 verbose lifecycle da-dictionary@1.0.0~coverage: CWD: /Users/Rob/Desktop/Rob/FAC/Week 4/tdd-dictionary
11 silly lifecycle da-dictionary@1.0.0~coverage: Args: [ '-c', 'istanbul cover ./test/*' ]
12 silly lifecycle da-dictionary@1.0.0~coverage: Returned: code: 1  signal: null
13 info lifecycle da-dictionary@1.0.0~coverage: Failed to exec coverage script
14 verbose stack Error: da-dictionary@1.0.0 coverage: `istanbul cover ./test/*`
14 verbose stack Exit status 1
14 verbose stack     at EventEmitter.<anonymous> (/usr/local/lib/node_modules/npm/lib/utils/lifecycle.js:239:16)
14 verbose stack     at emitTwo (events.js:100:13)
14 verbose stack     at EventEmitter.emit (events.js:185:7)
14 verbose stack     at ChildProcess.<anonymous> (/usr/local/lib/node_modules/npm/lib/utils/spawn.js:24:14)
14 verbose stack     at emitTwo (events.js:100:13)
14 verbose stack     at ChildProcess.emit (events.js:185:7)
14 verbose stack     at maybeClose (internal/child_process.js:821:16)
14 verbose stack     at Process.ChildProcess._handle.onexit (internal/child_process.js:211:5)
15 verbose pkgid da-dictionary@1.0.0
16 verbose cwd /Users/Rob/Desktop/Rob/FAC/Week 4/tdd-dictionary
17 error Darwin 15.3.0
18 error argv "/usr/local/bin/node" "/usr/local/bin/npm" "run" "coverage"
19 error node v5.5.0
20 error npm  v3.7.1
21 error code ELIFECYCLE
22 error da-dictionary@1.0.0 coverage: `istanbul cover ./test/*`
22 error Exit status 1
23 error Failed at the da-dictionary@1.0.0 coverage script 'istanbul cover ./test/*'.
23 error Make sure you have the latest version of node.js and npm installed.
23 error If you do, this is most likely a problem with the da-dictionary package,
23 error not with npm itself.
23 error Tell the author that this fails on your system:
23 error     istanbul cover ./test/*
23 error You can get information on how to open an issue for this project with:
23 error     npm bugs da-dictionary
23 error Or if that isn't available, you can get their info via:
23 error     npm owner ls da-dictionary
23 error There is likely additional logging output above.
24 verbose exit [ 1, true ]
